0 info it worked if it ends with ok
1 verbose cli [ '/Users/lotterymac/.nvm/versions/node/v6.3.1/bin/node',
1 verbose cli   '/Users/lotterymac/.nvm/versions/node/v6.3.1/bin/npm',
1 verbose cli   'start' ]
2 info using npm@3.10.8
3 info using node@v6.3.1
4 verbose run-script [ 'prestart', 'start', 'poststart' ]
5 info lifecycle learn-redux@1.0.0~prestart: learn-redux@1.0.0
6 silly lifecycle learn-redux@1.0.0~prestart: no script for prestart, continuing
7 info lifecycle learn-redux@1.0.0~start: learn-redux@1.0.0
8 verbose lifecycle learn-redux@1.0.0~start: unsafe-perm in lifecycle true
9 verbose lifecycle learn-redux@1.0.0~start: PATH: /Users/lotterymac/.nvm/versions/node/v6.3.1/lib/node_modules/npm/bin/node-gyp-bin:/Users/lotterymac/phase3/vr/react-vr-museum/vr-react/node_modules/.bin:/Users/lotterymac/.rbenv/shims:/Users/lotterymac/.rbenv/shims:/usr/local/heroku/bin:/Users/lotterymac/udacity/speed/google-cloud-sdk/bin:/Users/lotterymac/.nvm/versions/node/v6.3.1/bin:/Users/lotterymac/.bin:/Users/lotterymac/.rbenv/shims:/Library/Frameworks/Python.framework/Versions/3.4/bin:/usr/local/bin:/usr/bin:/bin:/usr/sbin:/sbin:/opt/X11/bin:/opt/Ghostscript/bin:/opt/ImageMagick/bin:/usr/local/munki:/usr/texbin:.git/safe/../../bin:/Users/lotterymac/.rbenv/shims:/Users/lotterymac/.bin:/usr/local/sbin:/usr/local/heroku/bin:/Users/lotterymac/udacity/speed/google-cloud-sdk/bin:/Library/Frameworks/Python.framework/Versions/3.4/bin
10 verbose lifecycle learn-redux@1.0.0~start: CWD: /Users/lotterymac/phase3/vr/react-vr-museum/vr-react
11 silly lifecycle learn-redux@1.0.0~start: Args: [ '-c', 'node devServer.js' ]
12 silly lifecycle learn-redux@1.0.0~start: Returned: code: 1  signal: null
13 info lifecycle learn-redux@1.0.0~start: Failed to exec start script
14 verbose stack Error: learn-redux@1.0.0 start: `node devServer.js`
14 verbose stack Exit status 1
14 verbose stack     at EventEmitter.<anonymous> (/Users/lotterymac/.nvm/versions/node/v6.3.1/lib/node_modules/npm/lib/utils/lifecycle.js:255:16)
14 verbose stack     at emitTwo (events.js:106:13)
14 verbose stack     at EventEmitter.emit (events.js:191:7)
14 verbose stack     at ChildProcess.<anonymous> (/Users/lotterymac/.nvm/versions/node/v6.3.1/lib/node_modules/npm/lib/utils/spawn.js:40:14)
14 verbose stack     at emitTwo (events.js:106:13)
14 verbose stack     at ChildProcess.emit (events.js:191:7)
14 verbose stack     at maybeClose (internal/child_process.js:852:16)
14 verbose stack     at Process.ChildProcess._handle.onexit (internal/child_process.js:215:5)
15 verbose pkgid learn-redux@1.0.0
16 verbose cwd /Users/lotterymac/phase3/vr/react-vr-museum/vr-react
17 error Darwin 16.0.0
18 error argv "/Users/lotterymac/.nvm/versions/node/v6.3.1/bin/node" "/Users/lotterymac/.nvm/versions/node/v6.3.1/bin/npm" "start"
19 error node v6.3.1
20 error npm  v3.10.8
21 error code ELIFECYCLE
22 error learn-redux@1.0.0 start: `node devServer.js`
22 error Exit status 1
23 error Failed at the learn-redux@1.0.0 start script 'node devServer.js'.
23 error Make sure you have the latest version of node.js and npm installed.
23 error If you do, this is most likely a problem with the learn-redux package,
23 error not with npm itself.
23 error Tell the author that this fails on your system:
23 error     node devServer.js
23 error You can get information on how to open an issue for this project with:
23 error     npm bugs learn-redux
23 error Or if that isn't available, you can get their info via:
23 error     npm owner ls learn-redux
23 error There is likely additional logging output above.
24 verbose exit [ 1, true ]
